<?xml version="1.0" encoding="UTF-8"?>
<!-- Generated by org.testng.reporters.JUnitXMLReporter -->
<testsuite hostname="2012-20131115RS" name="TestAccountActivity" tests="3" failures="0" timestamp="24 Dec 2013 10:47:53 GMT" time="0.125" errors="0">
  <testcase name="testAccountActivity_checkin" time="0.046" classname="com.vdisk.test.user.TestAccountActivity"/>
  <testcase name="testAccountActivity_save" time="0.047" classname="com.vdisk.test.user.TestAccountActivity"/>
  <testcase name="testAccountActivity_timeout" time="0.032" classname="com.vdisk.test.user.TestAccountActivity"/>
</testsuite> <!-- TestAccountActivity -->
