<?xml version="1.0" encoding="UTF-8"?>
<!-- Generated by org.testng.reporters.JUnitXMLReporter -->
<testsuite hostname="2012-20131115RS" name="TestAccountLogin" tests="5" failures="0" timestamp="30 Dec 2013 11:29:56 GMT" time="0.844" errors="0">
  <testcase name="testLogin_EndtimeNull" time="0.657" classname="com.vdisk.test.user.TestAccountLogin"/>
  <testcase name="testLogin_Normal" time="0.046" classname="com.vdisk.test.user.TestAccountLogin"/>
  <testcase name="testLogin_Null" time="0.047" classname="com.vdisk.test.user.TestAccountLogin"/>
  <testcase name="testLogin_StarttimeNull" time="0.047" classname="com.vdisk.test.user.TestAccountLogin"/>
  <testcase name="testTimeOut" time="0.0" classname="com.vdisk.test.user.TestAccountLogin"/>
</testsuite> <!-- TestAccountLogin -->
