<?xml version="1.0" encoding="UTF-8"?>
<!-- Generated by org.testng.reporters.JUnitXMLReporter -->
<testsuite hostname="2012-20131115RS" name="TestShareCount" tests="1" failures="1" timestamp="30 Dec 2013 03:52:40 GMT" time="1.547" errors="0">
  <testcase name="testShareCount_id" time="0.985" classname="com.vdisk.test.linkcommon.TestShareCount">
    <failure type="net.sf.json.JSONException" message="JSONObject[&amp;quot;success&amp;quot;] not found.">
      <![CDATA[net.sf.json.JSONException: JSONObject["success"] not found.
	at net.sf.json.JSONObject.getString(JSONObject.java:2092)
	at com.vdisk.operator.VdiskFileOperator.jsonDecode(VdiskFileOperator.java:561)
	at com.vdisk.test.linkcommon.TestShareCount.testShareCount_id(TestShareCount.java:37)
... Removed 24 stack frames]]>
    </failure>
  </testcase> <!-- testShareCount_id -->
</testsuite> <!-- TestShareCount -->
