<?xml version="1.0" encoding="UTF-8"?>
<!-- Generated by org.testng.reporters.JUnitXMLReporter -->
<testsuite hostname="2012-20131115RS" name="TestLinkcommonGet" tests="3" failures="0" timestamp="29 Dec 2013 12:14:39 GMT" time="2.063" errors="0">
  <testcase name="testLinkcommonGet" time="0.531" classname="com.vdisk.test.linkcommon.TestLinkcommonGet"/>
  <testcase name="thumbExists" time="0.344" classname="com.vdisk.test.linkcommon.TestLinkcommonGet"/>
  <testcase name="thumbNoexists" time="0.485" classname="com.vdisk.test.linkcommon.TestLinkcommonGet"/>
</testsuite> <!-- TestLinkcommonGet -->
